[0m10:48:15.315589 [debug] [MainThread]: Sending event: {'category': 'dbt', 'action': 'invocation', 'label': 'start', 'context': [<snowplow_tracker.self_describing_json.SelfDescribingJson object at 0x000001DE6A1DCE90>, <snowplow_tracker.self_describing_json.SelfDescribingJson object at 0x000001DE6A6AD760>, <snowplow_tracker.self_describing_json.SelfDescribingJson object at 0x000001DE6A6AD8B0>]}


============================== 10:48:15.321626 | 86b0d1ff-6582-43e6-9f6d-209019b0aae7 ==============================
[0m10:48:15.321626 [info ] [MainThread]: Running with dbt=1.8.6
[0m10:48:15.322588 [debug] [MainThread]: running dbt with arguments {'printer_width': '80', 'indirect_selection': 'eager', 'write_json': 'True', 'log_cache_events': 'False', 'partial_parse': 'True', 'cache_selected_only': 'False', 'profiles_dir': 'C:\\Users\\oluto\\.dbt', 'debug': 'False', 'fail_fast': 'False', 'log_path': 'logs', 'warn_error': 'None', 'version_check': 'True', 'use_colors': 'True', 'use_experimental_parser': 'False', 'no_print': 'None', 'quiet': 'False', 'empty': 'None', 'log_format': 'default', 'introspect': 'True', 'static_parser': 'True', 'invocation_command': 'dbt init demo_dbt', 'target_path': 'None', 'warn_error_options': 'WarnErrorOptions(include=[], exclude=[])', 'send_anonymous_usage_stats': 'True'}
[0m10:48:15.352627 [warn ] [MainThread]: [ConfigFolderDirectory]: Unable to parse dict {'dir': WindowsPath('C:/Users/oluto/.dbt')}
[0m10:48:15.353589 [info ] [MainThread]: Creating dbt configuration folder at 
[0m10:48:15.359594 [debug] [MainThread]: Starter project path: C:\Users\oluto\AppData\Local\Programs\Python\Python312\Lib\site-packages\dbt\include\starter_project
[0m10:48:15.384589 [info ] [MainThread]: 
Your new dbt project "demo_dbt" was created!

For more information on how to configure the profiles.yml file,
please consult the dbt documentation here:

  https://docs.getdbt.com/docs/configure-your-profile

One more thing:

Need help? Don't hesitate to reach out to us via GitHub issues or on Slack:

  https://community.getdbt.com/

Happy modeling!

[0m10:48:15.385590 [info ] [MainThread]: Setting up your profile.
[0m10:49:53.606539 [error] [MainThread]: Encountered an error:
list index out of range
[0m10:49:53.612544 [error] [MainThread]: Traceback (most recent call last):
  File "C:\Users\oluto\AppData\Local\Programs\Python\Python312\Lib\site-packages\dbt\cli\requires.py", line 138, in wrapper
    result, success = func(*args, **kwargs)
                      ^^^^^^^^^^^^^^^^^^^^^
  File "C:\Users\oluto\AppData\Local\Programs\Python\Python312\Lib\site-packages\dbt\cli\requires.py", line 101, in wrapper
    return func(*args, **kwargs)
           ^^^^^^^^^^^^^^^^^^^^^
  File "C:\Users\oluto\AppData\Local\Programs\Python\Python312\Lib\site-packages\dbt\cli\main.py", line 470, in init
    results = task.run()
              ^^^^^^^^^^
  File "C:\Users\oluto\AppData\Local\Programs\Python\Python312\Lib\site-packages\dbt\task\init.py", line 347, in run
    self.setup_profile(profile_name)
  File "C:\Users\oluto\AppData\Local\Programs\Python\Python312\Lib\site-packages\dbt\task\init.py", line 262, in setup_profile
    adapter = self.ask_for_adapter_choice()
              ^^^^^^^^^^^^^^^^^^^^^^^^^^^^^
  File "C:\Users\oluto\AppData\Local\Programs\Python\Python312\Lib\site-packages\dbt\task\init.py", line 244, in ask_for_adapter_choice
    return available_adapters[numeric_choice - 1]
           ~~~~~~~~~~~~~~~~~~^^^^^^^^^^^^^^^^^^^^
IndexError: list index out of range

[0m10:49:53.618579 [debug] [MainThread]: Command `dbt init` failed at 10:49:53.618579 after 98.52 seconds
[0m10:49:53.619578 [debug] [MainThread]: Sending event: {'category': 'dbt', 'action': 'invocation', 'label': 'end', 'context': [<snowplow_tracker.self_describing_json.SelfDescribingJson object at 0x000001DE6A6AD760>, <snowplow_tracker.self_describing_json.SelfDescribingJson object at 0x000001DE6A1DCE90>, <snowplow_tracker.self_describing_json.SelfDescribingJson object at 0x000001DE6BCF84A0>]}
[0m10:49:53.619578 [debug] [MainThread]: Flushing usage events
[0m10:52:19.855856 [debug] [MainThread]: Sending event: {'category': 'dbt', 'action': 'invocation', 'label': 'start', 'context': [<snowplow_tracker.self_describing_json.SelfDescribingJson object at 0x0000021DF64AAC90>, <snowplow_tracker.self_describing_json.SelfDescribingJson object at 0x0000021DF62B3D10>, <snowplow_tracker.self_describing_json.SelfDescribingJson object at 0x0000021DF62B0DA0>]}


============================== 10:52:19.862888 | f348f6bf-1f89-469c-a710-c85ccbf8fc19 ==============================
[0m10:52:19.862888 [info ] [MainThread]: Running with dbt=1.8.6
[0m10:52:19.863850 [debug] [MainThread]: running dbt with arguments {'printer_width': '80', 'indirect_selection': 'eager', 'write_json': 'True', 'log_cache_events': 'False', 'partial_parse': 'True', 'cache_selected_only': 'False', 'profiles_dir': 'C:\\Users\\oluto\\.dbt', 'debug': 'False', 'version_check': 'True', 'log_path': 'logs', 'warn_error': 'None', 'fail_fast': 'False', 'use_colors': 'True', 'use_experimental_parser': 'False', 'no_print': 'None', 'quiet': 'False', 'empty': 'None', 'log_format': 'default', 'invocation_command': 'dbt init demo_dbt', 'static_parser': 'True', 'introspect': 'True', 'target_path': 'None', 'warn_error_options': 'WarnErrorOptions(include=[], exclude=[])', 'send_anonymous_usage_stats': 'True'}
[0m10:52:19.893853 [info ] [MainThread]: A project called demo_dbt already exists here.
[0m10:52:19.895554 [debug] [MainThread]: Command `dbt init` succeeded at 10:52:19.895554 after 0.27 seconds
[0m10:52:19.896552 [debug] [MainThread]: Sending event: {'category': 'dbt', 'action': 'invocation', 'label': 'end', 'context': [<snowplow_tracker.self_describing_json.SelfDescribingJson object at 0x0000021DF66271D0>, <snowplow_tracker.self_describing_json.SelfDescribingJson object at 0x0000021DF6627A40>, <snowplow_tracker.self_describing_json.SelfDescribingJson object at 0x0000021DF6355640>]}
[0m10:52:19.896552 [debug] [MainThread]: Flushing usage events
[0m11:48:15.346790 [debug] [MainThread]: Sending event: {'category': 'dbt', 'action': 'invocation', 'label': 'start', 'context': [<snowplow_tracker.self_describing_json.SelfDescribingJson object at 0x000001950F1A9310>, <snowplow_tracker.self_describing_json.SelfDescribingJson object at 0x0000019511189C10>, <snowplow_tracker.self_describing_json.SelfDescribingJson object at 0x000001950E2D1DF0>]}


============================== 11:48:15.352752 | 3e42b644-c868-466b-a15c-4eed2bb88ecd ==============================
[0m11:48:15.352752 [info ] [MainThread]: Running with dbt=1.8.6
[0m11:48:15.353791 [debug] [MainThread]: running dbt with arguments {'printer_width': '80', 'indirect_selection': 'eager', 'log_cache_events': 'False', 'write_json': 'True', 'partial_parse': 'True', 'cache_selected_only': 'False', 'warn_error': 'None', 'debug': 'False', 'version_check': 'True', 'log_path': 'logs', 'fail_fast': 'False', 'profiles_dir': 'C:\\Users\\oluto\\.dbt', 'use_colors': 'True', 'use_experimental_parser': 'False', 'no_print': 'None', 'quiet': 'False', 'empty': 'None', 'warn_error_options': 'WarnErrorOptions(include=[], exclude=[])', 'introspect': 'True', 'static_parser': 'True', 'log_format': 'default', 'target_path': 'None', 'invocation_command': 'dbt debug', 'send_anonymous_usage_stats': 'True'}
[0m11:48:15.387790 [info ] [MainThread]: dbt version: 1.8.6
[0m11:48:15.387790 [info ] [MainThread]: python version: 3.12.5
[0m11:48:15.388752 [info ] [MainThread]: python path: C:\Users\oluto\AppData\Local\Programs\Python\Python312\python.exe
[0m11:48:15.389752 [info ] [MainThread]: os info: Windows-10-10.0.19045-SP0
[0m11:48:16.109567 [info ] [MainThread]: Using profiles dir at C:\Users\oluto\.dbt
[0m11:48:16.110567 [info ] [MainThread]: Using profiles.yml file at C:\Users\oluto\.dbt\profiles.yml
[0m11:48:16.110567 [info ] [MainThread]: Using dbt_project.yml file at C:\Users\oluto\dbt-tutorial\dbt_project.yml
[0m11:48:16.112566 [info ] [MainThread]: adapter type: snowflake
[0m11:48:16.113566 [info ] [MainThread]: adapter version: 1.8.3
[0m11:48:16.114566 [info ] [MainThread]: Configuration:
[0m11:48:16.114566 [info ] [MainThread]:   profiles.yml file [[32mOK found and valid[0m]
[0m11:48:16.115566 [info ] [MainThread]:   dbt_project.yml file [[31mERROR not found[0m]
[0m11:48:16.117570 [info ] [MainThread]: Required dependencies:
[0m11:48:16.118568 [debug] [MainThread]: Executing "git --help"
[0m11:48:16.226572 [debug] [MainThread]: STDOUT: "b"usage: git [-v | --version] [-h | --help] [-C <path>] [-c <name>=<value>]\n           [--exec-path[=<path>]] [--html-path] [--man-path] [--info-path]\n           [-p | --paginate | -P | --no-pager] [--no-replace-objects] [--no-lazy-fetch]\n           [--no-optional-locks] [--no-advice] [--bare] [--git-dir=<path>]\n           [--work-tree=<path>] [--namespace=<name>] [--config-env=<name>=<envvar>]\n           <command> [<args>]\n\nThese are common Git commands used in various situations:\n\nstart a working area (see also: git help tutorial)\n   clone     Clone a repository into a new directory\n   init      Create an empty Git repository or reinitialize an existing one\n\nwork on the current change (see also: git help everyday)\n   add       Add file contents to the index\n   mv        Move or rename a file, a directory, or a symlink\n   restore   Restore working tree files\n   rm        Remove files from the working tree and from the index\n\nexamine the history and state (see also: git help revisions)\n   bisect    Use binary search to find the commit that introduced a bug\n   diff      Show changes between commits, commit and working tree, etc\n   grep      Print lines matching a pattern\n   log       Show commit logs\n   show      Show various types of objects\n   status    Show the working tree status\n\ngrow, mark and tweak your common history\n   branch    List, create, or delete branches\n   commit    Record changes to the repository\n   merge     Join two or more development histories together\n   rebase    Reapply commits on top of another base tip\n   reset     Reset current HEAD to the specified state\n   switch    Switch branches\n   tag       Create, list, delete or verify a tag object signed with GPG\n\ncollaborate (see also: git help workflows)\n   fetch     Download objects and refs from another repository\n   pull      Fetch from and integrate with another repository or a local branch\n   push      Update remote refs along with associated objects\n\n'git help -a' and 'git help -g' list available subcommands and some\nconcept guides. See 'git help <command>' or 'git help <concept>'\nto read about a specific subcommand or concept.\nSee 'git help git' for an overview of the system.\n""
[0m11:48:16.228569 [debug] [MainThread]: STDERR: "b''"
[0m11:48:16.229569 [info ] [MainThread]:  - git [[32mOK found[0m]

[0m11:48:16.230566 [info ] [MainThread]: Connection:
[0m11:48:16.232566 [info ] [MainThread]:   account: fuhmbwb-rua41330
[0m11:48:16.233565 [info ] [MainThread]:   user: olutola
[0m11:48:16.234568 [info ] [MainThread]:   database: SNOWFLAKE_SAMPLE_DATA
[0m11:48:16.235569 [info ] [MainThread]:   warehouse: COMPUTE_WH
[0m11:48:16.236568 [info ] [MainThread]:   role: ACCOUNTADMIN
[0m11:48:16.237604 [info ] [MainThread]:   schema: TPCDS_SF100TCL
[0m11:48:16.239568 [info ] [MainThread]:   authenticator: None
[0m11:48:16.240570 [info ] [MainThread]:   oauth_client_id: None
[0m11:48:16.241577 [info ] [MainThread]:   query_tag: None
[0m11:48:16.243571 [info ] [MainThread]:   client_session_keep_alive: False
[0m11:48:16.244569 [info ] [MainThread]:   host: None
[0m11:48:16.245568 [info ] [MainThread]:   port: None
[0m11:48:16.246567 [info ] [MainThread]:   proxy_host: None
[0m11:48:16.247569 [info ] [MainThread]:   proxy_port: None
[0m11:48:16.249569 [info ] [MainThread]:   protocol: None
[0m11:48:16.250568 [info ] [MainThread]:   connect_retries: 1
[0m11:48:16.252568 [info ] [MainThread]:   connect_timeout: None
[0m11:48:16.253568 [info ] [MainThread]:   retry_on_database_errors: False
[0m11:48:16.254568 [info ] [MainThread]:   retry_all: False
[0m11:48:16.256567 [info ] [MainThread]:   insecure_mode: False
[0m11:48:16.257567 [info ] [MainThread]:   reuse_connections: None
[0m11:48:16.259569 [info ] [MainThread]: Registered adapter: snowflake=1.8.3
[0m11:48:16.260570 [debug] [MainThread]: Acquiring new snowflake connection 'debug'
[0m11:48:16.262572 [debug] [MainThread]: Using snowflake connection "debug"
[0m11:48:16.263569 [debug] [MainThread]: On debug: select 1 as id
[0m11:48:16.263569 [debug] [MainThread]: Opening a new connection, currently in state init
[0m11:48:18.705784 [debug] [MainThread]: SQL status: SUCCESS 1 in 2.442 seconds
[0m11:48:18.708786 [debug] [MainThread]: On debug: Close
[0m11:48:18.862807 [info ] [MainThread]:   Connection test: [[32mOK connection ok[0m]

[0m11:48:18.870803 [info ] [MainThread]: [31m1 check failed:[0m
[0m11:48:18.871806 [info ] [MainThread]: Project loading failed for the following reason:
 project path <C:\Users\oluto\dbt-tutorial\dbt_project.yml> not found

[0m11:48:18.875807 [debug] [MainThread]: Command `dbt debug` failed at 11:48:18.875807 after 3.77 seconds
[0m11:48:18.876807 [debug] [MainThread]: Connection 'debug' was properly closed.
[0m11:48:18.877806 [debug] [MainThread]: Sending event: {'category': 'dbt', 'action': 'invocation', 'label': 'end', 'context': [<snowplow_tracker.self_describing_json.SelfDescribingJson object at 0x0000019511A99970>, <snowplow_tracker.self_describing_json.SelfDescribingJson object at 0x00000195119F6240>, <snowplow_tracker.self_describing_json.SelfDescribingJson object at 0x0000019510D692B0>]}
[0m11:48:18.877806 [debug] [MainThread]: Flushing usage events
